<?xml version="1.0" encoding="UTF-8"?>
<robot generator="Robot 4.1.1 (Python 3.8.2 on win32)" generated="20210927 19:52:09.738" rpa="false" schemaversion="2">
<suite id="s1" name="Createprofile" source="C:\Users\dvive\Desktop\github\CRUD_Profile\robot\testcase\createprofile.robot">
<test id="s1-t1" name="Create profile - case_1">
<kw name="Create profile" library="keywords">
<var>${response}</var>
<arg>${DATA.user_profile.firstname}</arg>
<arg>${DATA.user_profile.lastname}</arg>
<kw name="Create Session" library="RequestsLibrary">
<arg>createprofileSession</arg>
<arg>${COMMON.base_url}</arg>
<doc>Create Session: create a HTTP session to a server</doc>
<msg timestamp="20210927 19:52:09.862" level="INFO">Creating Session using : alias=createprofileSession, url=http://localhost:6969/profile, headers={},                     cookies={}, auth=None, timeout=None, proxies=None, verify=False,                     debug=0 </msg>
<status status="PASS" starttime="20210927 19:52:09.861" endtime="20210927 19:52:09.862"/>
</kw>
<kw name="Create Dictionary" library="BuiltIn">
<var>${body}</var>
<arg>firstname=${firstname}</arg>
<arg>lastname=${lastname}</arg>
<doc>Creates and returns a dictionary based on the given ``items``.</doc>
<msg timestamp="20210927 19:52:09.863" level="INFO">${body} = {'firstname': 'Mr.Boss', 'lastname': 'Baby'}</msg>
<status status="PASS" starttime="20210927 19:52:09.862" endtime="20210927 19:52:09.863"/>
</kw>
<kw name="Create Dictionary" library="BuiltIn">
<var>${header}</var>
<arg>Content-Type=application/json</arg>
<doc>Creates and returns a dictionary based on the given ``items``.</doc>
<msg timestamp="20210927 19:52:09.863" level="INFO">${header} = {'Content-Type': 'application/json'}</msg>
<status status="PASS" starttime="20210927 19:52:09.863" endtime="20210927 19:52:09.863"/>
</kw>
<kw name="Post On Session" library="RequestsLibrary">
<var>${response}</var>
<arg>createprofileSession</arg>
<arg>/v1/user/create</arg>
<arg>json=${body}</arg>
<arg>headers=${header}</arg>
<doc>Sends a POST request on a previously created HTTP Session.</doc>
<msg timestamp="20210927 19:52:09.877" level="INFO">POST Request : url=http://localhost:6969/profile/v1/user/create 
 path_url=/profile/v1/user/create 
 headers={'User-Agent': 'python-requests/2.26.0', 'Accept-Encoding': 'gzip, deflate', 'Accept': '*/*', 'Connection': 'keep-alive', 'Content-Type': 'application/json', 'Content-Length': '44'} 
 body=b'{"firstname": "Mr.Boss", "lastname": "Baby"}' 
 </msg>
<msg timestamp="20210927 19:52:09.877" level="INFO">POST Response : url=http://localhost:6969/profile/v1/user/create 
 status=201, reason=Created 
 headers={'Content-Type': 'application/json', 'Connection': 'close', 'Date': 'Mon, 27 Sep 2021 12:52:09 GMT', 'Transfer-Encoding': 'chunked'} 
 body={
    "status": "success"
} 
 </msg>
<msg timestamp="20210927 19:52:09.877" level="INFO">${response} = &lt;Response [201]&gt;</msg>
<status status="PASS" starttime="20210927 19:52:09.863" endtime="20210927 19:52:09.877"/>
</kw>
<kw name="Convert To String" library="BuiltIn">
<var>${status_code}</var>
<arg>${response.status_code}</arg>
<doc>Converts the given item to a Unicode string.</doc>
<msg timestamp="20210927 19:52:09.877" level="INFO">${status_code} = 201</msg>
<status status="PASS" starttime="20210927 19:52:09.877" endtime="20210927 19:52:09.877"/>
</kw>
<kw name="Set Test Variable" library="BuiltIn">
<arg>${status_code}</arg>
<doc>Makes a variable available everywhere within the scope of the current test.</doc>
<msg timestamp="20210927 19:52:09.878" level="INFO">${status_code} = 201</msg>
<status status="PASS" starttime="20210927 19:52:09.878" endtime="20210927 19:52:09.878"/>
</kw>
<msg timestamp="20210927 19:52:09.878" level="INFO">${response} = &lt;Response [201]&gt;</msg>
<status status="PASS" starttime="20210927 19:52:09.849" endtime="20210927 19:52:09.878"/>
</kw>
<kw name="Result Should Be Success Of case_1" library="keywords">
<arg>${response}</arg>
<kw name="Set Variable" library="BuiltIn">
<var>${res_body}</var>
<arg>${response.json()}</arg>
<doc>Returns the given values which can then be assigned to a variables.</doc>
<msg timestamp="20210927 19:52:09.879" level="INFO">${res_body} = {'status': 'success'}</msg>
<status status="PASS" starttime="20210927 19:52:09.879" endtime="20210927 19:52:09.879"/>
</kw>
<kw name="Should Be Equal" library="BuiltIn">
<arg>${status_code}</arg>
<arg>201</arg>
<doc>Fails if the given objects are unequal.</doc>
<status status="PASS" starttime="20210927 19:52:09.879" endtime="20210927 19:52:09.880"/>
</kw>
<kw name="Should Contain" library="BuiltIn">
<arg>${res_body['status']}</arg>
<arg>${DATA.response_success}</arg>
<doc>Fails if ``container`` does not contain ``item`` one or more times.</doc>
<status status="PASS" starttime="20210927 19:52:09.880" endtime="20210927 19:52:09.881"/>
</kw>
<status status="PASS" starttime="20210927 19:52:09.878" endtime="20210927 19:52:09.881"/>
</kw>
<status status="PASS" starttime="20210927 19:52:09.849" endtime="20210927 19:52:09.881"/>
</test>
<test id="s1-t2" name="Get profile - case_2">
<kw name="Get profile" library="keywords">
<var>${response}</var>
<kw name="Create Session" library="RequestsLibrary">
<arg>getprofileSession</arg>
<arg>${COMMON.base_url}</arg>
<doc>Create Session: create a HTTP session to a server</doc>
<msg timestamp="20210927 19:52:09.884" level="INFO">Creating Session using : alias=getprofileSession, url=http://localhost:6969/profile, headers={},                     cookies={}, auth=None, timeout=None, proxies=None, verify=False,                     debug=0 </msg>
<status status="PASS" starttime="20210927 19:52:09.883" endtime="20210927 19:52:09.884"/>
</kw>
<kw name="Create Dictionary" library="BuiltIn">
<var>${header}</var>
<arg>Content-Type=application/json</arg>
<doc>Creates and returns a dictionary based on the given ``items``.</doc>
<msg timestamp="20210927 19:52:09.885" level="INFO">${header} = {'Content-Type': 'application/json'}</msg>
<status status="PASS" starttime="20210927 19:52:09.884" endtime="20210927 19:52:09.885"/>
</kw>
<kw name="Get On Session" library="RequestsLibrary">
<var>${response}</var>
<arg>getprofileSession</arg>
<arg>/v1/user/1</arg>
<arg>headers=${header}</arg>
<doc>Sends a GET request on a previously created HTTP Session.</doc>
<msg timestamp="20210927 19:52:09.891" level="INFO">GET Request : url=http://localhost:6969/profile/v1/user/1 
 path_url=/profile/v1/user/1 
 headers={'User-Agent': 'python-requests/2.26.0', 'Accept-Encoding': 'gzip, deflate', 'Accept': '*/*', 'Connection': 'keep-alive', 'Content-Type': 'application/json'} 
 body=None 
 </msg>
<msg timestamp="20210927 19:52:09.891" level="INFO">GET Response : url=http://localhost:6969/profile/v1/user/1 
 status=200, reason=OK 
 headers={'Content-Type': 'application/json', 'Connection': 'close', 'Date': 'Mon, 27 Sep 2021 12:52:09 GMT', 'Transfer-Encoding': 'chunked'} 
 body={
    "userId": "1",
    "firstname": "Mr.Boss",
    "lastname": "Baby"
} 
 </msg>
<msg timestamp="20210927 19:52:09.892" level="INFO">${response} = &lt;Response [200]&gt;</msg>
<status status="PASS" starttime="20210927 19:52:09.885" endtime="20210927 19:52:09.892"/>
</kw>
<kw name="Convert To String" library="BuiltIn">
<var>${status_code}</var>
<arg>${response.status_code}</arg>
<doc>Converts the given item to a Unicode string.</doc>
<msg timestamp="20210927 19:52:09.892" level="INFO">${status_code} = 200</msg>
<status status="PASS" starttime="20210927 19:52:09.892" endtime="20210927 19:52:09.892"/>
</kw>
<kw name="Log To Console" library="BuiltIn">
<arg>${response}</arg>
<doc>Logs the given message to the console.</doc>
<status status="PASS" starttime="20210927 19:52:09.892" endtime="20210927 19:52:09.893"/>
</kw>
<kw name="Set Test Variable" library="BuiltIn">
<arg>${status_code}</arg>
<doc>Makes a variable available everywhere within the scope of the current test.</doc>
<msg timestamp="20210927 19:52:09.893" level="INFO">${status_code} = 200</msg>
<status status="PASS" starttime="20210927 19:52:09.893" endtime="20210927 19:52:09.893"/>
</kw>
<msg timestamp="20210927 19:52:09.893" level="INFO">${response} = &lt;Response [200]&gt;</msg>
<status status="PASS" starttime="20210927 19:52:09.883" endtime="20210927 19:52:09.893"/>
</kw>
<kw name="Result Should Be Success Of case_2" library="keywords">
<arg>${response}</arg>
<kw name="Set Variable" library="BuiltIn">
<var>${convert_json}</var>
<arg>${response.json()}</arg>
<doc>Returns the given values which can then be assigned to a variables.</doc>
<msg timestamp="20210927 19:52:09.895" level="INFO">${convert_json} = {'userId': '1', 'firstname': 'Mr.Boss', 'lastname': 'Baby'}</msg>
<status status="PASS" starttime="20210927 19:52:09.894" endtime="20210927 19:52:09.895"/>
</kw>
<kw name="Should Be Equal" library="BuiltIn">
<arg>${status_code}</arg>
<arg>200</arg>
<doc>Fails if the given objects are unequal.</doc>
<status status="PASS" starttime="20210927 19:52:09.895" endtime="20210927 19:52:09.895"/>
</kw>
<kw name="Should Contain" library="BuiltIn">
<arg>${convert_json['userId']}</arg>
<arg>${DATA.user_profile.id}</arg>
<doc>Fails if ``container`` does not contain ``item`` one or more times.</doc>
<status status="PASS" starttime="20210927 19:52:09.895" endtime="20210927 19:52:09.896"/>
</kw>
<kw name="Should Contain" library="BuiltIn">
<arg>${convert_json['firstname']}</arg>
<arg>${DATA.user_profile.firstname}</arg>
<doc>Fails if ``container`` does not contain ``item`` one or more times.</doc>
<status status="PASS" starttime="20210927 19:52:09.896" endtime="20210927 19:52:09.898"/>
</kw>
<kw name="Should Contain" library="BuiltIn">
<arg>${convert_json['lastname']}</arg>
<arg>${DATA.user_profile.lastname}</arg>
<doc>Fails if ``container`` does not contain ``item`` one or more times.</doc>
<status status="PASS" starttime="20210927 19:52:09.898" endtime="20210927 19:52:09.900"/>
</kw>
<status status="PASS" starttime="20210927 19:52:09.894" endtime="20210927 19:52:09.900"/>
</kw>
<status status="PASS" starttime="20210927 19:52:09.881" endtime="20210927 19:52:09.901"/>
</test>
<test id="s1-t3" name="Update profile - case_3">
<kw name="Update profile" library="keywords">
<var>${response}</var>
<arg>${DATA.user_profile.id}</arg>
<arg>${DATA.user_profile.firstname}</arg>
<arg>${DATA.user_profile.lastname}</arg>
<kw name="Create Session" library="RequestsLibrary">
<arg>updateprofileSession</arg>
<arg>${COMMON.base_url}</arg>
<doc>Create Session: create a HTTP session to a server</doc>
<msg timestamp="20210927 19:52:09.905" level="INFO">Creating Session using : alias=updateprofileSession, url=http://localhost:6969/profile, headers={},                     cookies={}, auth=None, timeout=None, proxies=None, verify=False,                     debug=0 </msg>
<status status="PASS" starttime="20210927 19:52:09.904" endtime="20210927 19:52:09.905"/>
</kw>
<kw name="Create Dictionary" library="BuiltIn">
<var>${body}</var>
<arg>userid=${userid}</arg>
<arg>firstname=${firstname}</arg>
<arg>lastname=${lastname}</arg>
<doc>Creates and returns a dictionary based on the given ``items``.</doc>
<msg timestamp="20210927 19:52:09.905" level="INFO">${body} = {'userid': '1', 'firstname': 'Mr.Boss', 'lastname': 'Baby'}</msg>
<status status="PASS" starttime="20210927 19:52:09.905" endtime="20210927 19:52:09.905"/>
</kw>
<kw name="Create Dictionary" library="BuiltIn">
<var>${header}</var>
<arg>Content-Type=application/json</arg>
<doc>Creates and returns a dictionary based on the given ``items``.</doc>
<msg timestamp="20210927 19:52:09.906" level="INFO">${header} = {'Content-Type': 'application/json'}</msg>
<status status="PASS" starttime="20210927 19:52:09.906" endtime="20210927 19:52:09.906"/>
</kw>
<kw name="Put On Session" library="RequestsLibrary">
<var>${response}</var>
<arg>updateprofileSession</arg>
<arg>/v1/user</arg>
<arg>json=${body}</arg>
<arg>headers=${header}</arg>
<doc>Sends a PUT request on a previously created HTTP Session.</doc>
<msg timestamp="20210927 19:52:09.911" level="INFO">PUT Request : url=http://localhost:6969/profile/v1/user 
 path_url=/profile/v1/user 
 headers={'User-Agent': 'python-requests/2.26.0', 'Accept-Encoding': 'gzip, deflate', 'Accept': '*/*', 'Connection': 'keep-alive', 'Content-Type': 'application/json', 'Content-Length': '59'} 
 body=b'{"userid": "1", "firstname": "Mr.Boss", "lastname": "Baby"}' 
 </msg>
<msg timestamp="20210927 19:52:09.911" level="INFO">PUT Response : url=http://localhost:6969/profile/v1/user 
 status=200, reason=OK 
 headers={'Content-Type': 'application/json', 'Connection': 'close', 'Date': 'Mon, 27 Sep 2021 12:52:09 GMT', 'Transfer-Encoding': 'chunked'} 
 body={
    "status": "success"
} 
 </msg>
<msg timestamp="20210927 19:52:09.911" level="INFO">${response} = &lt;Response [200]&gt;</msg>
<status status="PASS" starttime="20210927 19:52:09.906" endtime="20210927 19:52:09.911"/>
</kw>
<kw name="Convert To String" library="BuiltIn">
<var>${status_code}</var>
<arg>${response.status_code}</arg>
<doc>Converts the given item to a Unicode string.</doc>
<msg timestamp="20210927 19:52:09.912" level="INFO">${status_code} = 200</msg>
<status status="PASS" starttime="20210927 19:52:09.911" endtime="20210927 19:52:09.912"/>
</kw>
<kw name="Set Test Variable" library="BuiltIn">
<arg>${status_code}</arg>
<doc>Makes a variable available everywhere within the scope of the current test.</doc>
<msg timestamp="20210927 19:52:09.912" level="INFO">${status_code} = 200</msg>
<status status="PASS" starttime="20210927 19:52:09.912" endtime="20210927 19:52:09.912"/>
</kw>
<kw name="Log To Console" library="BuiltIn">
<arg>${response.json()}</arg>
<doc>Logs the given message to the console.</doc>
<status status="PASS" starttime="20210927 19:52:09.912" endtime="20210927 19:52:09.914"/>
</kw>
<msg timestamp="20210927 19:52:09.914" level="INFO">${response} = &lt;Response [200]&gt;</msg>
<status status="PASS" starttime="20210927 19:52:09.902" endtime="20210927 19:52:09.914"/>
</kw>
<kw name="Result Should Be Success Of case_3" library="keywords">
<arg>${response}</arg>
<kw name="Set Variable" library="BuiltIn">
<var>${res_body}</var>
<arg>${response.json()}</arg>
<doc>Returns the given values which can then be assigned to a variables.</doc>
<msg timestamp="20210927 19:52:09.916" level="INFO">${res_body} = {'status': 'success'}</msg>
<status status="PASS" starttime="20210927 19:52:09.915" endtime="20210927 19:52:09.916"/>
</kw>
<kw name="Should Be Equal" library="BuiltIn">
<arg>${status_code}</arg>
<arg>200</arg>
<doc>Fails if the given objects are unequal.</doc>
<status status="PASS" starttime="20210927 19:52:09.916" endtime="20210927 19:52:09.917"/>
</kw>
<kw name="Should Contain" library="BuiltIn">
<arg>${res_body['status']}</arg>
<arg>${DATA.response_success}</arg>
<doc>Fails if ``container`` does not contain ``item`` one or more times.</doc>
<status status="PASS" starttime="20210927 19:52:09.917" endtime="20210927 19:52:09.918"/>
</kw>
<status status="PASS" starttime="20210927 19:52:09.915" endtime="20210927 19:52:09.918"/>
</kw>
<status status="PASS" starttime="20210927 19:52:09.902" endtime="20210927 19:52:09.918"/>
</test>
<test id="s1-t4" name="Delete profile - case_4">
<kw name="Delete profile" library="keywords">
<var>${response}</var>
<kw name="Create Session" library="RequestsLibrary">
<arg>deleteprofileSession</arg>
<arg>${COMMON.base_url}</arg>
<doc>Create Session: create a HTTP session to a server</doc>
<msg timestamp="20210927 19:52:09.921" level="INFO">Creating Session using : alias=deleteprofileSession, url=http://localhost:6969/profile, headers={},                     cookies={}, auth=None, timeout=None, proxies=None, verify=False,                     debug=0 </msg>
<status status="PASS" starttime="20210927 19:52:09.920" endtime="20210927 19:52:09.921"/>
</kw>
<kw name="Create Dictionary" library="BuiltIn">
<var>${header}</var>
<arg>Content-Type=application/json</arg>
<doc>Creates and returns a dictionary based on the given ``items``.</doc>
<msg timestamp="20210927 19:52:09.921" level="INFO">${header} = {'Content-Type': 'application/json'}</msg>
<status status="PASS" starttime="20210927 19:52:09.921" endtime="20210927 19:52:09.921"/>
</kw>
<kw name="Delete On Session" library="RequestsLibrary">
<var>${response}</var>
<arg>deleteprofileSession</arg>
<arg>/v1/user/1</arg>
<arg>headers=${header}</arg>
<doc>Sends a DELETE request on a previously created HTTP Session.</doc>
<msg timestamp="20210927 19:52:09.927" level="INFO">DELETE Request : url=http://localhost:6969/profile/v1/user/1 
 path_url=/profile/v1/user/1 
 headers={'User-Agent': 'python-requests/2.26.0', 'Accept-Encoding': 'gzip, deflate', 'Accept': '*/*', 'Connection': 'keep-alive', 'Content-Type': 'application/json', 'Content-Length': '0'} 
 body=None 
 </msg>
<msg timestamp="20210927 19:52:09.927" level="INFO">DELETE Response : url=http://localhost:6969/profile/v1/user/1 
 status=200, reason=OK 
 headers={'Content-Type': 'application/json', 'Connection': 'close', 'Date': 'Mon, 27 Sep 2021 12:52:09 GMT', 'Transfer-Encoding': 'chunked'} 
 body={
    "status": "success"
} 
 </msg>
<msg timestamp="20210927 19:52:09.927" level="INFO">${response} = &lt;Response [200]&gt;</msg>
<status status="PASS" starttime="20210927 19:52:09.922" endtime="20210927 19:52:09.927"/>
</kw>
<kw name="Convert To String" library="BuiltIn">
<var>${status_code}</var>
<arg>${response.status_code}</arg>
<doc>Converts the given item to a Unicode string.</doc>
<msg timestamp="20210927 19:52:09.928" level="INFO">${status_code} = 200</msg>
<status status="PASS" starttime="20210927 19:52:09.927" endtime="20210927 19:52:09.928"/>
</kw>
<kw name="Set Test Variable" library="BuiltIn">
<arg>${status_code}</arg>
<doc>Makes a variable available everywhere within the scope of the current test.</doc>
<msg timestamp="20210927 19:52:09.928" level="INFO">${status_code} = 200</msg>
<status status="PASS" starttime="20210927 19:52:09.928" endtime="20210927 19:52:09.928"/>
</kw>
<msg timestamp="20210927 19:52:09.928" level="INFO">${response} = &lt;Response [200]&gt;</msg>
<status status="PASS" starttime="20210927 19:52:09.920" endtime="20210927 19:52:09.928"/>
</kw>
<kw name="Result Should Be Success Of case_4" library="keywords">
<arg>${response}</arg>
<kw name="Set Variable" library="BuiltIn">
<var>${convert_json}</var>
<arg>${response.json()}</arg>
<doc>Returns the given values which can then be assigned to a variables.</doc>
<msg timestamp="20210927 19:52:09.930" level="INFO">${convert_json} = {'status': 'success'}</msg>
<status status="PASS" starttime="20210927 19:52:09.929" endtime="20210927 19:52:09.930"/>
</kw>
<kw name="Should Be Equal" library="BuiltIn">
<arg>${status_code}</arg>
<arg>200</arg>
<doc>Fails if the given objects are unequal.</doc>
<status status="PASS" starttime="20210927 19:52:09.930" endtime="20210927 19:52:09.931"/>
</kw>
<kw name="Should Contain" library="BuiltIn">
<arg>${convert_json['status']}</arg>
<arg>${DATA.response_success}</arg>
<doc>Fails if ``container`` does not contain ``item`` one or more times.</doc>
<status status="PASS" starttime="20210927 19:52:09.931" endtime="20210927 19:52:09.932"/>
</kw>
<status status="PASS" starttime="20210927 19:52:09.929" endtime="20210927 19:52:09.933"/>
</kw>
<status status="PASS" starttime="20210927 19:52:09.920" endtime="20210927 19:52:09.933"/>
</test>
<status status="PASS" starttime="20210927 19:52:09.738" endtime="20210927 19:52:09.935"/>
</suite>
<statistics>
<total>
<stat pass="4" fail="0" skip="0">All Tests</stat>
</total>
<tag>
</tag>
<suite>
<stat pass="4" fail="0" skip="0" id="s1" name="Createprofile">Createprofile</stat>
</suite>
</statistics>
<errors>
</errors>
</robot>
